<?xml version="1.0" encoding="UTF-8"?>
<!-- Generated by org.testng.reporters.JUnitXMLReporter -->
<testsuite hostname="venkat" ignored="0" name="Default test" tests="5" failures="0" timestamp="2020-11-06T08:25:10 IST" time="52.061" errors="0">
  <testcase name="googleHomePageTest" time="0.549" classname="LinkedInTestPages.MyPageTest"/>
  <testcase name="linkedInSignPageTest" time="18.478" classname="LinkedInTestPages.MyPageTest"/>
  <testcase name="userHomePageTest" time="3.258" classname="LinkedInTestPages.MyPageTest"/>
  <testcase name="userHomePageDown" time="21.414" classname="LinkedInTestPages.MyPageTest"/>
  <testcase name="userLinkedInDetailsTest" time="1.611" classname="LinkedInTestPages.MyPageTest"/>
</testsuite> <!-- Default test -->
