<?xml version="1.0" encoding="UTF-8"?>
<!-- Generated by org.testng.reporters.JUnitXMLReporter -->
<testsuite hostname="venkat" ignored="0" name="MyPageTest" tests="4" failures="0" timestamp="2020-11-04T12:18:44 IST" time="47.551" errors="0">
  <testcase name="googleHomePageTest" time="0.54" classname="LinkedInTestPages.MyPageTest"/>
  <testcase name="linkedInSignPageTest" time="12.234" classname="LinkedInTestPages.MyPageTest"/>
  <testcase name="userHomePageTest" time="8.152" classname="LinkedInTestPages.MyPageTest"/>
  <testcase name="userHomePageDown" time="20.215" classname="LinkedInTestPages.MyPageTest"/>
</testsuite> <!-- MyPageTest -->
