<?xml version="1.0" encoding="UTF-8"?>
<!-- Generated by org.testng.reporters.JUnitXMLReporter -->
<testsuite hostname="venkat" ignored="0" name="MyPageTest" tests="5" failures="0" timestamp="05 Nov 2020 12:06:08 GMT" time="51.361" errors="0">
  <testcase name="googleHomePageTest" time="0.527" classname="LinkedInTestPages.MyPageTest"/>
  <testcase name="linkedInSignPageTest" time="12.424" classname="LinkedInTestPages.MyPageTest"/>
  <testcase name="userHomePageTest" time="8.119" classname="LinkedInTestPages.MyPageTest"/>
  <testcase name="userHomePageDown" time="20.387" classname="LinkedInTestPages.MyPageTest"/>
  <testcase name="userLinkedInDetailsTest" time="1.72" classname="LinkedInTestPages.MyPageTest"/>
</testsuite> <!-- MyPageTest -->
