<?xml version="1.0" encoding="UTF-8"?>
<!-- Generated by org.testng.reporters.JUnitXMLReporter -->
<testsuite hostname="venkat" ignored="0" name="MyPageTest" tests="4" failures="0" timestamp="04 Nov 2020 07:20:37 GMT" time="50.258" errors="0">
  <testcase name="googleHomePageTest" time="0.544" classname="LinkedInTestPages.MyPageTest"/>
  <testcase name="linkedInSignPageTest" time="15.159" classname="LinkedInTestPages.MyPageTest"/>
  <testcase name="userHomePageTest" time="8.212" classname="LinkedInTestPages.MyPageTest"/>
  <testcase name="userHomePageDown" time="20.313" classname="LinkedInTestPages.MyPageTest"/>
</testsuite> <!-- MyPageTest -->
