<?xml version="1.0" encoding="UTF-8"?>
<testsuite xmlns:xsi="http://www.w3.org/2001/XMLSchema-instance" xsi:noNamespaceSchemaLocation="https://maven.apache.org/surefire/maven-surefire-plugin/xsd/surefire-test-report.xsd" name="TestSuite" time="50.872" tests="5" errors="0" skipped="0" failures="0">
  <properties>
[...]
</properties>
  <testcase name="googleHomePageTest" classname="LinkedInTestPages.MyPageTest" time="0.53"/>
  <testcase name="linkedInSignPageTest" classname="LinkedInTestPages.MyPageTest" time="13.039"/>
  <testcase name="userHomePageTest" classname="LinkedInTestPages.MyPageTest" time="8.052"/>
  <testcase name="userHomePageDown" classname="LinkedInTestPages.MyPageTest" time="20.326"/>
  <testcase name="userLinkedInDetailsTest" classname="LinkedInTestPages.MyPageTest" time="1.64"/>
</testsuite>