<?xml version="1.0" encoding="UTF-8"?>
<testng-results skipped="0" failed="1" ignored="0" total="5" passed="4">
  <reporter-output>
  </reporter-output>
  <suite name="Default suite" duration-ms="51923" started-at="2020-11-05T11:48:11 IST" finished-at="2020-11-05T11:49:03 IST">
    <groups>
    </groups>
    <test name="Default test" duration-ms="51923" started-at="2020-11-05T11:48:11 IST" finished-at="2020-11-05T11:49:03 IST">
      <class name="LinkedInTestPages.MyPageTest">
        <test-method status="PASS" signature="beforeSuite()[pri:0, instance:LinkedInTestPages.MyPageTest@65e98b1c]" name="beforeSuite" is-config="true" duration-ms="18" started-at="2020-11-05T11:48:11 IST" finished-at="2020-11-05T11:48:11 IST">
          <reporter-output>
          </reporter-output>
        </test-method> <!-- beforeSuite -->
        <test-method status="PASS" signature="beforeTest()[pri:0, instance:LinkedInTestPages.MyPageTest@65e98b1c]" name="beforeTest" is-config="true" duration-ms="1" started-at="2020-11-05T11:48:11 IST" finished-at="2020-11-05T11:48:11 IST">
          <reporter-output>
          </reporter-output>
        </test-method> <!-- beforeTest -->
        <test-method status="PASS" signature="beforeClass()[pri:0, instance:LinkedInTestPages.MyPageTest@65e98b1c]" name="beforeClass" is-config="true" duration-ms="2726" started-at="2020-11-05T11:48:11 IST" finished-at="2020-11-05T11:48:14 IST">
          <reporter-output>
          </reporter-output>
        </test-method> <!-- beforeClass -->
        <test-method status="PASS" signature="beforeMethod()[pri:0, instance:LinkedInTestPages.MyPageTest@65e98b1c]" name="beforeMethod" is-config="true" duration-ms="1" started-at="2020-11-05T11:48:14 IST" finished-at="2020-11-05T11:48:14 IST">
          <reporter-output>
          </reporter-output>
        </test-method> <!-- beforeMethod -->
        <test-method status="PASS" signature="googleHomePageTest()[pri:1, instance:LinkedInTestPages.MyPageTest@65e98b1c]" name="googleHomePageTest" duration-ms="626" started-at="2020-11-05T11:48:14 IST" finished-at="2020-11-05T11:48:14 IST">
          <reporter-output>
          </reporter-output>
        </test-method> <!-- googleHomePageTest -->
        <test-method status="PASS" signature="afterMethod()[pri:0, instance:LinkedInTestPages.MyPageTest@65e98b1c]" name="afterMethod" is-config="true" duration-ms="8" started-at="2020-11-05T11:48:14 IST" finished-at="2020-11-05T11:48:15 IST">
          <reporter-output>
          </reporter-output>
        </test-method> <!-- afterMethod -->
        <test-method status="PASS" signature="beforeMethod()[pri:0, instance:LinkedInTestPages.MyPageTest@65e98b1c]" name="beforeMethod" is-config="true" duration-ms="1" started-at="2020-11-05T11:48:15 IST" finished-at="2020-11-05T11:48:15 IST">
          <reporter-output>
          </reporter-output>
        </test-method> <!-- beforeMethod -->
        <test-method status="PASS" signature="linkedInSignPageTest()[pri:2, instance:LinkedInTestPages.MyPageTest@65e98b1c]" name="linkedInSignPageTest" duration-ms="15157" started-at="2020-11-05T11:48:15 IST" finished-at="2020-11-05T11:48:30 IST">
          <reporter-output>
          </reporter-output>
        </test-method> <!-- linkedInSignPageTest -->
        <test-method status="PASS" signature="afterMethod()[pri:0, instance:LinkedInTestPages.MyPageTest@65e98b1c]" name="afterMethod" is-config="true" duration-ms="2" started-at="2020-11-05T11:48:30 IST" finished-at="2020-11-05T11:48:30 IST">
          <reporter-output>
          </reporter-output>
        </test-method> <!-- afterMethod -->
        <test-method status="PASS" signature="beforeMethod()[pri:0, instance:LinkedInTestPages.MyPageTest@65e98b1c]" name="beforeMethod" is-config="true" duration-ms="2" started-at="2020-11-05T11:48:30 IST" finished-at="2020-11-05T11:48:30 IST">
          <reporter-output>
          </reporter-output>
        </test-method> <!-- beforeMethod -->
        <test-method status="PASS" signature="userHomePageTest()[pri:3, instance:LinkedInTestPages.MyPageTest@65e98b1c]" name="userHomePageTest" duration-ms="7431" started-at="2020-11-05T11:48:30 IST" finished-at="2020-11-05T11:48:37 IST">
          <reporter-output>
          </reporter-output>
        </test-method> <!-- userHomePageTest -->
        <test-method status="PASS" signature="afterMethod()[pri:0, instance:LinkedInTestPages.MyPageTest@65e98b1c]" name="afterMethod" is-config="true" duration-ms="0" started-at="2020-11-05T11:48:37 IST" finished-at="2020-11-05T11:48:37 IST">
          <reporter-output>
          </reporter-output>
        </test-method> <!-- afterMethod -->
        <test-method status="PASS" signature="beforeMethod()[pri:0, instance:LinkedInTestPages.MyPageTest@65e98b1c]" name="beforeMethod" is-config="true" duration-ms="1" started-at="2020-11-05T11:48:37 IST" finished-at="2020-11-05T11:48:37 IST">
          <reporter-output>
          </reporter-output>
        </test-method> <!-- beforeMethod -->
        <test-method status="PASS" signature="userHomePageDown()[pri:4, instance:LinkedInTestPages.MyPageTest@65e98b1c]" name="userHomePageDown" duration-ms="20300" started-at="2020-11-05T11:48:37 IST" finished-at="2020-11-05T11:48:57 IST">
          <reporter-output>
          </reporter-output>
        </test-method> <!-- userHomePageDown -->
        <test-method status="PASS" signature="afterMethod()[pri:0, instance:LinkedInTestPages.MyPageTest@65e98b1c]" name="afterMethod" is-config="true" duration-ms="1" started-at="2020-11-05T11:48:57 IST" finished-at="2020-11-05T11:48:57 IST">
          <reporter-output>
          </reporter-output>
        </test-method> <!-- afterMethod -->
        <test-method status="PASS" signature="beforeMethod()[pri:0, instance:LinkedInTestPages.MyPageTest@65e98b1c]" name="beforeMethod" is-config="true" duration-ms="1" started-at="2020-11-05T11:48:57 IST" finished-at="2020-11-05T11:48:57 IST">
          <reporter-output>
          </reporter-output>
        </test-method> <!-- beforeMethod -->
        <test-method status="FAIL" signature="userLinkedInDetailsTest()[pri:5, instance:LinkedInTestPages.MyPageTest@65e98b1c]" name="userLinkedInDetailsTest" duration-ms="79" started-at="2020-11-05T11:48:57 IST" finished-at="2020-11-05T11:48:58 IST">
          <exception class="org.openqa.selenium.NoSuchElementException">
            <message>
              <![CDATA[no such element: Unable to locate element: {"method":"xpath","selector":"//img[@id='ember38']"}
  (Session info: chrome=86.0.4240.75)
For documentation on this error, please visit: https://www.seleniumhq.org/exceptions/no_such_element.html
Build info: version: '3.141.59', revision: 'e82be7d358', time: '2018-11-14T08:17:03'
System info: host: 'venkat', ip: '127.0.1.1', os.name: 'Linux', os.arch: 'amd64', os.version: '5.4.0-52-generic', java.version: '1.8.0_241'
Driver info: org.openqa.selenium.chrome.ChromeDriver
Capabilities {acceptInsecureCerts: false, browserName: chrome, browserVersion: 86.0.4240.75, chrome: {chromedriverVersion: 86.0.4240.22 (398b0743353ff..., userDataDir: /tmp/.com.google.Chrome.a6g4h1}, goog:chromeOptions: {debuggerAddress: localhost:30471}, javascriptEnabled: true, networkConnectionEnabled: false, pageLoadStrategy: normal, platform: LINUX, platformName: LINUX, proxy: Proxy(), setWindowRect: true, strictFileInteractability: false, timeouts: {implicit: 0, pageLoad: 300000, script: 30000}, unhandledPromptBehavior: dismiss and notify, webauthn:virtualAuthenticators: true}
Session ID: ff1f86fd712692d8a8b9219799ebf23f
*** Element info: {Using=xpath, value=//img[@id='ember38']}]]>
            </message>
            <full-stacktrace>
              <![CDATA[org.openqa.selenium.NoSuchElementException: no such element: Unable to locate element: {"method":"xpath","selector":"//img[@id='ember38']"}
  (Session info: chrome=86.0.4240.75)
For documentation on this error, please visit: https://www.seleniumhq.org/exceptions/no_such_element.html
Build info: version: '3.141.59', revision: 'e82be7d358', time: '2018-11-14T08:17:03'
System info: host: 'venkat', ip: '127.0.1.1', os.name: 'Linux', os.arch: 'amd64', os.version: '5.4.0-52-generic', java.version: '1.8.0_241'
Driver info: org.openqa.selenium.chrome.ChromeDriver
Capabilities {acceptInsecureCerts: false, browserName: chrome, browserVersion: 86.0.4240.75, chrome: {chromedriverVersion: 86.0.4240.22 (398b0743353ff..., userDataDir: /tmp/.com.google.Chrome.a6g4h1}, goog:chromeOptions: {debuggerAddress: localhost:30471}, javascriptEnabled: true, networkConnectionEnabled: false, pageLoadStrategy: normal, platform: LINUX, platformName: LINUX, proxy: Proxy(), setWindowRect: true, strictFileInteractability: false, timeouts: {implicit: 0, pageLoad: 300000, script: 30000}, unhandledPromptBehavior: dismiss and notify, webauthn:virtualAuthenticators: true}
Session ID: ff1f86fd712692d8a8b9219799ebf23f
*** Element info: {Using=xpath, value=//img[@id='ember38']}
at sun.reflect.NativeConstructorAccessorImpl.newInstance0(Native Method)
at sun.reflect.NativeConstructorAccessorImpl.newInstance(NativeConstructorAccessorImpl.java:62)
at sun.reflect.DelegatingConstructorAccessorImpl.newInstance(DelegatingConstructorAccessorImpl.java:45)
at java.lang.reflect.Constructor.newInstance(Constructor.java:423)
at org.openqa.selenium.remote.http.W3CHttpResponseCodec.createException(W3CHttpResponseCodec.java:187)
at org.openqa.selenium.remote.http.W3CHttpResponseCodec.decode(W3CHttpResponseCodec.java:122)
at org.openqa.selenium.remote.http.W3CHttpResponseCodec.decode(W3CHttpResponseCodec.java:49)
at org.openqa.selenium.remote.HttpCommandExecutor.execute(HttpCommandExecutor.java:158)
at org.openqa.selenium.remote.service.DriverCommandExecutor.execute(DriverCommandExecutor.java:83)
at org.openqa.selenium.remote.RemoteWebDriver.execute(RemoteWebDriver.java:552)
at org.openqa.selenium.remote.RemoteWebDriver.findElement(RemoteWebDriver.java:323)
at org.openqa.selenium.remote.RemoteWebDriver.findElementByXPath(RemoteWebDriver.java:428)
at org.openqa.selenium.By$ByXPath.findElement(By.java:353)
at org.openqa.selenium.remote.RemoteWebDriver.findElement(RemoteWebDriver.java:315)
at org.openqa.selenium.support.pagefactory.DefaultElementLocator.findElement(DefaultElementLocator.java:69)
at org.openqa.selenium.support.pagefactory.internal.LocatingElementHandler.invoke(LocatingElementHandler.java:38)
at com.sun.proxy.$Proxy13.isDisplayed(Unknown Source)
at LinkedInPages.UserHomePage.userLinkedInDetailsPage(UserHomePage.java:245)
at LinkedInTestPages.MyPageTest.userLinkedInDetailsTest(MyPageTest.java:96)
at sun.reflect.NativeMethodAccessorImpl.invoke0(Native Method)
at sun.reflect.NativeMethodAccessorImpl.invoke(NativeMethodAccessorImpl.java:62)
at sun.reflect.DelegatingMethodAccessorImpl.invoke(DelegatingMethodAccessorImpl.java:43)
at java.lang.reflect.Method.invoke(Method.java:498)
at org.testng.internal.MethodInvocationHelper.invokeMethod(MethodInvocationHelper.java:133)
at org.testng.internal.TestInvoker.invokeMethod(TestInvoker.java:584)
at org.testng.internal.TestInvoker.invokeTestMethod(TestInvoker.java:172)
at org.testng.internal.MethodRunner.runInSequence(MethodRunner.java:46)
at org.testng.internal.TestInvoker$MethodInvocationAgent.invoke(TestInvoker.java:804)
at org.testng.internal.TestInvoker.invokeTestMethods(TestInvoker.java:145)
at org.testng.internal.TestMethodWorker.invokeTestMethods(TestMethodWorker.java:146)
at org.testng.internal.TestMethodWorker.run(TestMethodWorker.java:128)
at java.util.ArrayList.forEach(ArrayList.java:1257)
at org.testng.TestRunner.privateRun(TestRunner.java:770)
at org.testng.TestRunner.run(TestRunner.java:591)
at org.testng.SuiteRunner.runTest(SuiteRunner.java:402)
at org.testng.SuiteRunner.runSequentially(SuiteRunner.java:396)
at org.testng.SuiteRunner.privateRun(SuiteRunner.java:355)
at org.testng.SuiteRunner.run(SuiteRunner.java:304)
at org.testng.SuiteRunnerWorker.runSuite(SuiteRunnerWorker.java:53)
at org.testng.SuiteRunnerWorker.run(SuiteRunnerWorker.java:96)
at org.testng.TestNG.runSuitesSequentially(TestNG.java:1180)
at org.testng.TestNG.runSuitesLocally(TestNG.java:1102)
at org.testng.TestNG.runSuites(TestNG.java:1032)
at org.testng.TestNG.run(TestNG.java:1000)
at org.testng.remote.AbstractRemoteTestNG.run(AbstractRemoteTestNG.java:115)
at org.testng.remote.RemoteTestNG.initAndRun(RemoteTestNG.java:251)
at org.testng.remote.RemoteTestNG.main(RemoteTestNG.java:77)
]]>
            </full-stacktrace>
          </exception> <!-- org.openqa.selenium.NoSuchElementException -->
          <reporter-output>
          </reporter-output>
        </test-method> <!-- userLinkedInDetailsTest -->
        <test-method status="PASS" signature="afterMethod()[pri:0, instance:LinkedInTestPages.MyPageTest@65e98b1c]" name="afterMethod" is-config="true" duration-ms="1" started-at="2020-11-05T11:48:58 IST" finished-at="2020-11-05T11:48:58 IST">
          <reporter-output>
          </reporter-output>
        </test-method> <!-- afterMethod -->
        <test-method status="PASS" signature="afterClass()[pri:0, instance:LinkedInTestPages.MyPageTest@65e98b1c]" name="afterClass" is-config="true" duration-ms="5083" started-at="2020-11-05T11:48:58 IST" finished-at="2020-11-05T11:49:03 IST">
          <reporter-output>
          </reporter-output>
        </test-method> <!-- afterClass -->
        <test-method status="PASS" signature="afterTest()[pri:0, instance:LinkedInTestPages.MyPageTest@65e98b1c]" name="afterTest" is-config="true" duration-ms="0" started-at="2020-11-05T11:49:03 IST" finished-at="2020-11-05T11:49:03 IST">
          <reporter-output>
          </reporter-output>
        </test-method> <!-- afterTest -->
        <test-method status="PASS" signature="afterSuite()[pri:0, instance:LinkedInTestPages.MyPageTest@65e98b1c]" name="afterSuite" is-config="true" duration-ms="0" started-at="2020-11-05T11:49:03 IST" finished-at="2020-11-05T11:49:03 IST">
          <reporter-output>
          </reporter-output>
        </test-method> <!-- afterSuite -->
      </class> <!-- LinkedInTestPages.MyPageTest -->
    </test> <!-- Default test -->
  </suite> <!-- Default suite -->
</testng-results>
